<?xml version="1.0" encoding="UTF-8"?>
<!-- Generated by org.testng.reporters.JUnitReportReporter -->
<testsuite skipped="0" hostname="DESKTOP-519E6OD" name="LocationFilterTest" tests="2" failures="0" timestamp="11 May 2019 08:57:13 GMT" time="4.090" errors="0">
  <testcase name="updateButtonTextToLocation_when_locationIsSelected" time="1.274" classname="LocationFilterTest"/>
  <testcase name="updateButtonTextToNumberOfLocations_when_multipleLocationsAreSelected" time="2.816" classname="LocationFilterTest"/>
</testsuite> <!-- LocationFilterTest -->
